00:01:28 INFO  : Registering command handlers for SDK TCF services
00:01:30 INFO  : Launching XSCT server: xsct.bat -interactive D:\PM\VIBADO\project_1\project_1.sdk\temp_xsdb_launch_script.tcl
00:01:33 INFO  : XSCT server has started successfully.
00:01:33 INFO  : Successfully done setting XSCT server connection channel  
00:01:33 INFO  : Successfully done setting SDK workspace  
00:01:33 INFO  : Processing command line option -hwspec D:/PM/VIBADO/project_1/project_1.sdk/design_1_wrapper.hdf.
00:04:48 INFO  : Invoking Bootgen: bootgen -image OS.bif -arch zynq -o D:\PM\VIBADO\project_1\project_1.sdk\OS\bootimage\BOOT.bin
00:04:48 INFO  : Creating new bif file D:\PM\VIBADO\project_1\project_1.sdk\OS\bootimage\OS.bif
00:04:50 INFO  : Bootgen command execution is done.
00:07:10 INFO  : 'targets -set -filter {jtag_cable_name =~ "Digilent JTAG-HS1 210512180081" && level==0} -index 1' command is executed.
00:07:10 INFO  : 'fpga -state' command is executed.
00:07:11 INFO  : Connected to target on host '127.0.0.1' and port '3121'.
00:07:12 INFO  : Jtag cable 'Digilent JTAG-HS1 210512180081' is selected.
00:07:12 INFO  : 'jtag frequency' command is executed.
00:07:12 INFO  : Sourcing of 'D:/PM/VIBADO/project_1/project_1.sdk/design_1_wrapper_hw_platform_0/ps7_init.tcl' is done.
00:07:12 INFO  : Context for 'APU' is selected.
00:07:12 INFO  : Hardware design information is loaded from 'D:/PM/VIBADO/project_1/project_1.sdk/design_1_wrapper_hw_platform_0/system.hdf'.
00:07:12 INFO  : 'configparams force-mem-access 1' command is executed.
00:07:12 INFO  : Context for 'APU' is selected.
00:07:12 INFO  : 'stop' command is executed.
00:07:12 INFO  : 'ps7_init' command is executed.
00:07:12 INFO  : 'ps7_post_config' command is executed.
00:07:12 INFO  : Context for processor 'ps7_cortexa9_0' is selected.
00:07:12 INFO  : Processor reset is completed for 'ps7_cortexa9_0'.
00:07:12 INFO  : Context for processor 'ps7_cortexa9_0' is selected.
00:07:12 INFO  : The application 'D:/PM/VIBADO/project_1/project_1.sdk/OS/Debug/OS.elf' is downloaded to processor 'ps7_cortexa9_0'.
00:07:12 INFO  : 'configparams force-mem-access 0' command is executed.
00:07:12 INFO  : ----------------XSDB Script----------------
connect -url tcp:127.0.0.1:3121
source D:/PM/VIBADO/project_1/project_1.sdk/design_1_wrapper_hw_platform_0/ps7_init.tcl
targets -set -nocase -filter {name =~"APU*" && jtag_cable_name =~ "Digilent JTAG-HS1 210512180081"} -index 0
loadhw -hw D:/PM/VIBADO/project_1/project_1.sdk/design_1_wrapper_hw_platform_0/system.hdf -mem-ranges [list {0x40000000 0xbfffffff}]
configparams force-mem-access 1
targets -set -nocase -filter {name =~"APU*" && jtag_cable_name =~ "Digilent JTAG-HS1 210512180081"} -index 0
stop
ps7_init
ps7_post_config
targets -set -nocase -filter {name =~ "ARM*#0" && jtag_cable_name =~ "Digilent JTAG-HS1 210512180081"} -index 0
rst -processor
targets -set -nocase -filter {name =~ "ARM*#0" && jtag_cable_name =~ "Digilent JTAG-HS1 210512180081"} -index 0
dow D:/PM/VIBADO/project_1/project_1.sdk/OS/Debug/OS.elf
configparams force-mem-access 0
----------------End of Script----------------

00:07:12 INFO  : Memory regions updated for context APU
00:07:12 INFO  : Context for processor 'ps7_cortexa9_0' is selected.
00:07:12 INFO  : 'con' command is executed.
00:07:12 INFO  : ----------------XSDB Script (After Launch)----------------
targets -set -nocase -filter {name =~ "ARM*#0" && jtag_cable_name =~ "Digilent JTAG-HS1 210512180081"} -index 0
con
----------------End of Script----------------

00:07:12 INFO  : Launch script is exported to file 'D:\PM\VIBADO\project_1\project_1.sdk\.sdk\launch_scripts\xilinx_c-c++_application_(system_debugger)\system_debugger_using_debug_os.elf_on_local.tcl'
00:07:26 INFO  : Disconnected from the channel tcfchan#1.
00:07:27 INFO  : 'targets -set -filter {jtag_cable_name =~ "Digilent JTAG-HS1 210512180081" && level==0} -index 1' command is executed.
00:07:27 INFO  : 'fpga -state' command is executed.
00:07:29 INFO  : Connected to target on host '127.0.0.1' and port '3121'.
00:07:29 INFO  : Jtag cable 'Digilent JTAG-HS1 210512180081' is selected.
00:07:29 INFO  : 'jtag frequency' command is executed.
00:07:29 INFO  : Sourcing of 'D:/PM/VIBADO/project_1/project_1.sdk/design_1_wrapper_hw_platform_0/ps7_init.tcl' is done.
00:07:29 INFO  : Context for 'APU' is selected.
00:07:30 INFO  : Hardware design information is loaded from 'D:/PM/VIBADO/project_1/project_1.sdk/design_1_wrapper_hw_platform_0/system.hdf'.
00:07:30 INFO  : 'configparams force-mem-access 1' command is executed.
00:07:30 INFO  : Context for 'APU' is selected.
00:07:30 INFO  : 'stop' command is executed.
00:07:30 INFO  : 'ps7_init' command is executed.
00:07:30 INFO  : 'ps7_post_config' command is executed.
00:07:30 INFO  : Context for processor 'ps7_cortexa9_0' is selected.
00:07:30 INFO  : Processor reset is completed for 'ps7_cortexa9_0'.
00:07:30 INFO  : Context for processor 'ps7_cortexa9_0' is selected.
00:07:30 INFO  : The application 'D:/PM/VIBADO/project_1/project_1.sdk/OS/Debug/OS.elf' is downloaded to processor 'ps7_cortexa9_0'.
00:07:30 INFO  : 'configparams force-mem-access 0' command is executed.
00:07:30 INFO  : ----------------XSDB Script----------------
connect -url tcp:127.0.0.1:3121
source D:/PM/VIBADO/project_1/project_1.sdk/design_1_wrapper_hw_platform_0/ps7_init.tcl
targets -set -nocase -filter {name =~"APU*" && jtag_cable_name =~ "Digilent JTAG-HS1 210512180081"} -index 0
loadhw -hw D:/PM/VIBADO/project_1/project_1.sdk/design_1_wrapper_hw_platform_0/system.hdf -mem-ranges [list {0x40000000 0xbfffffff}]
configparams force-mem-access 1
targets -set -nocase -filter {name =~"APU*" && jtag_cable_name =~ "Digilent JTAG-HS1 210512180081"} -index 0
stop
ps7_init
ps7_post_config
targets -set -nocase -filter {name =~ "ARM*#0" && jtag_cable_name =~ "Digilent JTAG-HS1 210512180081"} -index 0
rst -processor
targets -set -nocase -filter {name =~ "ARM*#0" && jtag_cable_name =~ "Digilent JTAG-HS1 210512180081"} -index 0
dow D:/PM/VIBADO/project_1/project_1.sdk/OS/Debug/OS.elf
configparams force-mem-access 0
----------------End of Script----------------

00:07:30 INFO  : Memory regions updated for context APU
00:07:30 INFO  : Context for processor 'ps7_cortexa9_0' is selected.
00:07:30 INFO  : 'con' command is executed.
00:07:30 INFO  : ----------------XSDB Script (After Launch)----------------
targets -set -nocase -filter {name =~ "ARM*#0" && jtag_cable_name =~ "Digilent JTAG-HS1 210512180081"} -index 0
con
----------------End of Script----------------

00:07:30 INFO  : Launch script is exported to file 'D:\PM\VIBADO\project_1\project_1.sdk\.sdk\launch_scripts\xilinx_c-c++_application_(system_debugger)\system_debugger_using_debug_os.elf_on_local.tcl'
00:07:56 INFO  : Disconnected from the channel tcfchan#2.
00:07:57 INFO  : 'targets -set -filter {jtag_cable_name =~ "Digilent JTAG-HS1 210512180081" && level==0} -index 1' command is executed.
00:07:57 INFO  : 'fpga -state' command is executed.
00:08:05 INFO  : Connected to target on host '127.0.0.1' and port '3121'.
00:08:05 INFO  : Jtag cable 'Digilent JTAG-HS1 210512180081' is selected.
00:08:05 INFO  : 'jtag frequency' command is executed.
00:08:05 INFO  : Sourcing of 'D:/PM/VIBADO/project_1/project_1.sdk/design_1_wrapper_hw_platform_0/ps7_init.tcl' is done.
00:08:05 INFO  : Context for 'APU' is selected.
00:08:06 INFO  : Hardware design information is loaded from 'D:/PM/VIBADO/project_1/project_1.sdk/design_1_wrapper_hw_platform_0/system.hdf'.
00:08:06 INFO  : 'configparams force-mem-access 1' command is executed.
00:08:06 INFO  : Context for 'APU' is selected.
00:08:06 INFO  : 'stop' command is executed.
00:08:06 ERROR : Memory read error at 0xF8007080. AHB AP transaction error, DAP status f0000021
00:08:06 INFO  : ----------------XSDB Script----------------
connect -url tcp:127.0.0.1:3121
source D:/PM/VIBADO/project_1/project_1.sdk/design_1_wrapper_hw_platform_0/ps7_init.tcl
targets -set -nocase -filter {name =~"APU*" && jtag_cable_name =~ "Digilent JTAG-HS1 210512180081"} -index 0
loadhw -hw D:/PM/VIBADO/project_1/project_1.sdk/design_1_wrapper_hw_platform_0/system.hdf -mem-ranges [list {0x40000000 0xbfffffff}]
configparams force-mem-access 1
targets -set -nocase -filter {name =~"APU*" && jtag_cable_name =~ "Digilent JTAG-HS1 210512180081"} -index 0
stop
ps7_init
----------------End of Script----------------

00:08:23 INFO  : 'targets -set -filter {jtag_cable_name =~ "Digilent JTAG-HS1 210512180081" && level==0} -index 1' command is executed.
00:08:23 INFO  : 'fpga -state' command is executed.
00:08:24 INFO  : Connected to target on host '127.0.0.1' and port '3121'.
00:08:25 INFO  : Jtag cable 'Digilent JTAG-HS1 210512180081' is selected.
00:08:25 INFO  : 'jtag frequency' command is executed.
00:08:25 INFO  : Sourcing of 'D:/PM/VIBADO/project_1/project_1.sdk/design_1_wrapper_hw_platform_0/ps7_init.tcl' is done.
00:08:25 INFO  : Context for 'APU' is selected.
00:08:25 INFO  : Hardware design information is loaded from 'D:/PM/VIBADO/project_1/project_1.sdk/design_1_wrapper_hw_platform_0/system.hdf'.
00:08:25 INFO  : 'configparams force-mem-access 1' command is executed.
00:08:25 INFO  : Context for 'APU' is selected.
00:08:25 INFO  : 'stop' command is executed.
00:08:25 ERROR : AP transaction error, DAP status f0000021
00:08:25 INFO  : ----------------XSDB Script----------------
connect -url tcp:127.0.0.1:3121
source D:/PM/VIBADO/project_1/project_1.sdk/design_1_wrapper_hw_platform_0/ps7_init.tcl
targets -set -nocase -filter {name =~"APU*" && jtag_cable_name =~ "Digilent JTAG-HS1 210512180081"} -index 0
loadhw -hw D:/PM/VIBADO/project_1/project_1.sdk/design_1_wrapper_hw_platform_0/system.hdf -mem-ranges [list {0x40000000 0xbfffffff}]
configparams force-mem-access 1
targets -set -nocase -filter {name =~"APU*" && jtag_cable_name =~ "Digilent JTAG-HS1 210512180081"} -index 0
stop
ps7_init
----------------End of Script----------------

00:08:41 INFO  : 'targets -set -filter {jtag_cable_name =~ "Digilent JTAG-HS1 210512180081" && level==0} -index 1' command is executed.
00:08:41 INFO  : 'fpga -state' command is executed.
00:08:42 INFO  : Connected to target on host '127.0.0.1' and port '3121'.
00:08:42 INFO  : Jtag cable 'Digilent JTAG-HS1 210512180081' is selected.
00:08:42 INFO  : 'jtag frequency' command is executed.
00:08:42 INFO  : Sourcing of 'D:/PM/VIBADO/project_1/project_1.sdk/design_1_wrapper_hw_platform_0/ps7_init.tcl' is done.
00:08:42 INFO  : Context for 'APU' is selected.
00:08:42 INFO  : Hardware design information is loaded from 'D:/PM/VIBADO/project_1/project_1.sdk/design_1_wrapper_hw_platform_0/system.hdf'.
00:08:42 INFO  : 'configparams force-mem-access 1' command is executed.
00:08:42 INFO  : Context for 'APU' is selected.
00:08:42 INFO  : 'stop' command is executed.
00:08:42 ERROR : AP transaction error, DAP status f0000021
00:08:42 INFO  : ----------------XSDB Script----------------
connect -url tcp:127.0.0.1:3121
source D:/PM/VIBADO/project_1/project_1.sdk/design_1_wrapper_hw_platform_0/ps7_init.tcl
targets -set -nocase -filter {name =~"APU*" && jtag_cable_name =~ "Digilent JTAG-HS1 210512180081"} -index 0
loadhw -hw D:/PM/VIBADO/project_1/project_1.sdk/design_1_wrapper_hw_platform_0/system.hdf -mem-ranges [list {0x40000000 0xbfffffff}]
configparams force-mem-access 1
targets -set -nocase -filter {name =~"APU*" && jtag_cable_name =~ "Digilent JTAG-HS1 210512180081"} -index 0
stop
ps7_init
----------------End of Script----------------

00:09:01 INFO  : Connected to target on host '127.0.0.1' and port '3121'.
00:09:01 INFO  : Jtag cable 'Digilent JTAG-HS1 210512180081' is selected.
00:09:01 INFO  : 'jtag frequency' command is executed.
00:09:01 INFO  : Sourcing of 'D:/PM/VIBADO/project_1/project_1.sdk/design_1_wrapper_hw_platform_0/ps7_init.tcl' is done.
00:09:01 INFO  : Context for 'APU' is selected.
00:09:01 ERROR : AP transaction error, DAP status f0000021
00:09:01 INFO  : ----------------XSDB Script----------------
connect -url tcp:127.0.0.1:3121
source D:/PM/VIBADO/project_1/project_1.sdk/design_1_wrapper_hw_platform_0/ps7_init.tcl
targets -set -nocase -filter {name =~"APU*" && jtag_cable_name =~ "Digilent JTAG-HS1 210512180081"} -index 0
rst -system
after 3000
----------------End of Script----------------

00:09:20 INFO  : Connected to target on host '127.0.0.1' and port '3121'.
00:09:20 INFO  : Jtag cable 'Digilent JTAG-HS1 210512180081' is selected.
00:09:20 INFO  : 'jtag frequency' command is executed.
00:09:20 INFO  : Sourcing of 'D:/PM/VIBADO/project_1/project_1.sdk/design_1_wrapper_hw_platform_0/ps7_init.tcl' is done.
00:09:20 INFO  : Context for 'APU' is selected.
00:09:20 ERROR : AP transaction error, DAP status f0000021
00:09:20 INFO  : ----------------XSDB Script----------------
connect -url tcp:127.0.0.1:3121
source D:/PM/VIBADO/project_1/project_1.sdk/design_1_wrapper_hw_platform_0/ps7_init.tcl
targets -set -nocase -filter {name =~"APU*" && jtag_cable_name =~ "Digilent JTAG-HS1 210512180081"} -index 0
rst -system
after 3000
----------------End of Script----------------

00:09:53 INFO  : Connected to target on host '127.0.0.1' and port '3121'.
00:09:53 INFO  : Jtag cable 'Digilent JTAG-HS1 210512180081' is selected.
00:09:53 INFO  : 'jtag frequency' command is executed.
00:09:53 INFO  : Sourcing of 'D:/PM/VIBADO/project_1/project_1.sdk/design_1_wrapper_hw_platform_0/ps7_init.tcl' is done.
00:09:53 INFO  : Context for 'APU' is selected.
00:09:53 ERROR : AP transaction error, DAP status f0000021
00:09:53 INFO  : ----------------XSDB Script----------------
connect -url tcp:127.0.0.1:3121
source D:/PM/VIBADO/project_1/project_1.sdk/design_1_wrapper_hw_platform_0/ps7_init.tcl
targets -set -nocase -filter {name =~"APU*" && jtag_cable_name =~ "Digilent JTAG-HS1 210512180081"} -index 0
rst -system
after 3000
----------------End of Script----------------

23:21:49 INFO  : Registering command handlers for SDK TCF services
23:21:49 INFO  : Launching XSCT server: xsct.bat -interactive D:\PM\VIBADO\project_1\project_1.sdk\temp_xsdb_launch_script.tcl
23:21:51 INFO  : XSCT server has started successfully.
23:21:52 INFO  : Successfully done setting XSCT server connection channel  
23:21:52 INFO  : Successfully done setting SDK workspace  
23:21:52 INFO  : Processing command line option -hwspec D:/PM/VIBADO/project_1/project_1.sdk/design_1_wrapper.hdf.
23:21:52 INFO  : Checking for hwspec changes in the project design_1_wrapper_hw_platform_0.
21:55:03 INFO  : Registering command handlers for SDK TCF services
21:55:06 INFO  : Launching XSCT server: xsct.bat -interactive D:\PM\VIBADO\project_1\project_1.sdk\temp_xsdb_launch_script.tcl
21:55:11 INFO  : XSCT server has started successfully.
21:55:11 INFO  : Successfully done setting XSCT server connection channel  
21:55:12 INFO  : Successfully done setting SDK workspace  
21:55:12 INFO  : Processing command line option -hwspec D:/PM/VIBADO/project_1/project_1.sdk/design_1_wrapper.hdf.
21:55:12 INFO  : Checking for hwspec changes in the project design_1_wrapper_hw_platform_0.
23:24:31 INFO  : Connected to target on host '127.0.0.1' and port '3121'.
23:24:40 INFO  : ----------------XSDB Script----------------
connect -url tcp:127.0.0.1:3121
----------------End of Script----------------

23:25:33 INFO  : Connected to target on host '127.0.0.1' and port '3121'.
23:25:33 INFO  : Jtag cable 'Digilent JTAG-HS1 210512180081' is selected.
23:25:33 INFO  : 'jtag frequency' command is executed.
23:25:33 INFO  : Sourcing of 'D:/PM/VIBADO/project_1/project_1.sdk/design_1_wrapper_hw_platform_0/ps7_init.tcl' is done.
23:25:33 INFO  : Context for 'APU' is selected.
23:25:33 INFO  : System reset is completed.
23:25:36 INFO  : 'after 3000' command is executed.
23:25:36 INFO  : 'targets -set -filter {jtag_cable_name =~ "Digilent JTAG-HS1 210512180081" && level==0} -index 1' command is executed.
23:25:40 INFO  : FPGA configured successfully with bitstream "D:/PM/VIBADO/project_1/project_1.sdk/design_1_wrapper_hw_platform_0/design_1_wrapper.bit"
23:25:40 INFO  : Context for 'APU' is selected.
23:25:40 INFO  : Hardware design information is loaded from 'D:/PM/VIBADO/project_1/project_1.sdk/design_1_wrapper_hw_platform_0/system.hdf'.
23:25:40 INFO  : 'configparams force-mem-access 1' command is executed.
23:25:40 INFO  : Context for 'APU' is selected.
23:25:40 INFO  : 'ps7_init' command is executed.
23:25:40 INFO  : 'ps7_post_config' command is executed.
23:25:40 INFO  : Context for processor 'ps7_cortexa9_0' is selected.
23:25:41 INFO  : The application 'D:/PM/VIBADO/project_1/project_1.sdk/OS/Debug/OS.elf' is downloaded to processor 'ps7_cortexa9_0'.
23:25:41 INFO  : 'configparams force-mem-access 0' command is executed.
23:25:41 INFO  : ----------------XSDB Script----------------
connect -url tcp:127.0.0.1:3121
source D:/PM/VIBADO/project_1/project_1.sdk/design_1_wrapper_hw_platform_0/ps7_init.tcl
targets -set -nocase -filter {name =~"APU*" && jtag_cable_name =~ "Digilent JTAG-HS1 210512180081"} -index 0
rst -system
after 3000
targets -set -filter {jtag_cable_name =~ "Digilent JTAG-HS1 210512180081" && level==0} -index 1
fpga -file D:/PM/VIBADO/project_1/project_1.sdk/design_1_wrapper_hw_platform_0/design_1_wrapper.bit
targets -set -nocase -filter {name =~"APU*" && jtag_cable_name =~ "Digilent JTAG-HS1 210512180081"} -index 0
loadhw -hw D:/PM/VIBADO/project_1/project_1.sdk/design_1_wrapper_hw_platform_0/system.hdf -mem-ranges [list {0x40000000 0xbfffffff}]
configparams force-mem-access 1
targets -set -nocase -filter {name =~"APU*" && jtag_cable_name =~ "Digilent JTAG-HS1 210512180081"} -index 0
ps7_init
ps7_post_config
targets -set -nocase -filter {name =~ "ARM*#0" && jtag_cable_name =~ "Digilent JTAG-HS1 210512180081"} -index 0
dow D:/PM/VIBADO/project_1/project_1.sdk/OS/Debug/OS.elf
configparams force-mem-access 0
----------------End of Script----------------

23:25:41 INFO  : Memory regions updated for context APU
23:25:41 INFO  : Context for processor 'ps7_cortexa9_0' is selected.
23:25:41 INFO  : 'con' command is executed.
23:25:41 INFO  : ----------------XSDB Script (After Launch)----------------
targets -set -nocase -filter {name =~ "ARM*#0" && jtag_cable_name =~ "Digilent JTAG-HS1 210512180081"} -index 0
con
----------------End of Script----------------

23:25:41 INFO  : Launch script is exported to file 'D:\PM\VIBADO\project_1\project_1.sdk\.sdk\launch_scripts\xilinx_c-c++_application_(system_debugger)\system_debugger_using_debug_os.elf_on_local.tcl'
23:26:33 INFO  : Disconnected from the channel tcfchan#1.
23:26:34 INFO  : Connected to target on host '127.0.0.1' and port '3121'.
23:26:34 INFO  : Jtag cable 'Digilent JTAG-HS1 210512180081' is selected.
23:26:34 INFO  : 'jtag frequency' command is executed.
23:26:34 INFO  : Sourcing of 'D:/PM/VIBADO/project_1/project_1.sdk/design_1_wrapper_hw_platform_0/ps7_init.tcl' is done.
23:26:34 INFO  : Context for 'APU' is selected.
23:26:34 INFO  : System reset is completed.
23:26:37 INFO  : 'after 3000' command is executed.
23:26:37 INFO  : 'targets -set -filter {jtag_cable_name =~ "Digilent JTAG-HS1 210512180081" && level==0} -index 1' command is executed.
23:26:41 INFO  : FPGA configured successfully with bitstream "D:/PM/VIBADO/project_1/project_1.sdk/design_1_wrapper_hw_platform_0/design_1_wrapper.bit"
23:26:41 INFO  : Context for 'APU' is selected.
23:26:42 INFO  : Hardware design information is loaded from 'D:/PM/VIBADO/project_1/project_1.sdk/design_1_wrapper_hw_platform_0/system.hdf'.
23:26:42 INFO  : 'configparams force-mem-access 1' command is executed.
23:26:42 INFO  : Context for 'APU' is selected.
23:26:42 INFO  : 'ps7_init' command is executed.
23:26:42 INFO  : 'ps7_post_config' command is executed.
23:26:42 INFO  : Context for processor 'ps7_cortexa9_0' is selected.
23:26:42 INFO  : The application 'D:/PM/VIBADO/project_1/project_1.sdk/OS/Debug/OS.elf' is downloaded to processor 'ps7_cortexa9_0'.
23:26:42 INFO  : 'configparams force-mem-access 0' command is executed.
23:26:42 INFO  : ----------------XSDB Script----------------
connect -url tcp:127.0.0.1:3121
source D:/PM/VIBADO/project_1/project_1.sdk/design_1_wrapper_hw_platform_0/ps7_init.tcl
targets -set -nocase -filter {name =~"APU*" && jtag_cable_name =~ "Digilent JTAG-HS1 210512180081"} -index 0
rst -system
after 3000
targets -set -filter {jtag_cable_name =~ "Digilent JTAG-HS1 210512180081" && level==0} -index 1
fpga -file D:/PM/VIBADO/project_1/project_1.sdk/design_1_wrapper_hw_platform_0/design_1_wrapper.bit
targets -set -nocase -filter {name =~"APU*" && jtag_cable_name =~ "Digilent JTAG-HS1 210512180081"} -index 0
loadhw -hw D:/PM/VIBADO/project_1/project_1.sdk/design_1_wrapper_hw_platform_0/system.hdf -mem-ranges [list {0x40000000 0xbfffffff}]
configparams force-mem-access 1
targets -set -nocase -filter {name =~"APU*" && jtag_cable_name =~ "Digilent JTAG-HS1 210512180081"} -index 0
ps7_init
ps7_post_config
targets -set -nocase -filter {name =~ "ARM*#0" && jtag_cable_name =~ "Digilent JTAG-HS1 210512180081"} -index 0
dow D:/PM/VIBADO/project_1/project_1.sdk/OS/Debug/OS.elf
configparams force-mem-access 0
----------------End of Script----------------

23:26:42 INFO  : Memory regions updated for context APU
23:26:42 INFO  : Context for processor 'ps7_cortexa9_0' is selected.
23:26:42 INFO  : 'con' command is executed.
23:26:42 INFO  : ----------------XSDB Script (After Launch)----------------
targets -set -nocase -filter {name =~ "ARM*#0" && jtag_cable_name =~ "Digilent JTAG-HS1 210512180081"} -index 0
con
----------------End of Script----------------

23:26:42 INFO  : Launch script is exported to file 'D:\PM\VIBADO\project_1\project_1.sdk\.sdk\launch_scripts\xilinx_c-c++_application_(system_debugger)\system_debugger_using_debug_os.elf_on_local.tcl'
23:28:16 INFO  : Disconnected from the channel tcfchan#2.
23:47:52 INFO  : Registering command handlers for SDK TCF services
23:47:53 INFO  : Launching XSCT server: xsct.bat -interactive D:\PM\VIBADO\project_1\project_1.sdk\temp_xsdb_launch_script.tcl
23:47:55 INFO  : XSCT server has started successfully.
23:47:55 INFO  : Successfully done setting XSCT server connection channel  
23:47:55 INFO  : Successfully done setting SDK workspace  
23:47:55 INFO  : Processing command line option -hwspec D:/PM/VIBADO/project_1/project_1.sdk/design_1_wrapper.hdf.
23:47:55 INFO  : Checking for hwspec changes in the project design_1_wrapper_hw_platform_0.
23:47:58 INFO  : SDK has detected change in the last modified timestamps for source hardware specification file Source:1689953882544,  Project:1689004843782
23:47:58 INFO  : The hardware specification for project 'design_1_wrapper_hw_platform_0' is different from D:/PM/VIBADO/project_1/project_1.sdk/design_1_wrapper.hdf.
23:47:58 INFO  : Copied contents of D:/PM/VIBADO/project_1/project_1.sdk/design_1_wrapper.hdf into \design_1_wrapper_hw_platform_0\system.hdf.
23:48:02 INFO  : Synchronizing projects in the workspace with the hardware platform specification changes.
23:48:04 INFO  : 
23:48:06 INFO  : 
23:48:07 INFO  : Updating hardware inferred compiler options for BSFL.
23:48:08 INFO  : Updating hardware inferred compiler options for OS.
23:48:08 INFO  : Clearing existing target manager status.
23:48:18 INFO  : Connected to target on host '127.0.0.1' and port '3121'.
23:48:18 INFO  : Jtag cable 'Digilent JTAG-HS1 210512180081' is selected.
23:48:18 INFO  : 'jtag frequency' command is executed.
23:48:18 INFO  : Sourcing of 'D:/PM/VIBADO/project_1/project_1.sdk/design_1_wrapper_hw_platform_0/ps7_init.tcl' is done.
23:48:18 INFO  : Context for 'APU' is selected.
23:48:19 INFO  : System reset is completed.
23:48:22 INFO  : 'after 3000' command is executed.
23:48:22 INFO  : 'targets -set -filter {jtag_cable_name =~ "Digilent JTAG-HS1 210512180081" && level==0} -index 1' command is executed.
23:48:25 ERROR : fpga configuration failed. DONE PIN is not HIGH
23:48:25 ERROR : Exception occured while running Program FPGA.
java.lang.RuntimeException: fpga configuration failed. DONE PIN is not HIGH
23:48:25 INFO  : ----------------XSDB Script----------------
connect -url tcp:127.0.0.1:3121
source D:/PM/VIBADO/project_1/project_1.sdk/design_1_wrapper_hw_platform_0/ps7_init.tcl
targets -set -nocase -filter {name =~"APU*" && jtag_cable_name =~ "Digilent JTAG-HS1 210512180081"} -index 0
rst -system
after 3000
----------------End of Script----------------

18:44:43 INFO  : Registering command handlers for SDK TCF services
18:44:43 INFO  : Launching XSCT server: xsct.bat -interactive D:\PM\VIBADO\project_1\project_1.sdk\temp_xsdb_launch_script.tcl
18:44:46 INFO  : XSCT server has started successfully.
18:44:46 INFO  : Successfully done setting XSCT server connection channel  
18:44:46 INFO  : Successfully done setting SDK workspace  
18:44:46 INFO  : Processing command line option -hwspec D:/PM/VIBADO/project_1/project_1.sdk/design_1_wrapper.hdf.
18:44:46 INFO  : Checking for hwspec changes in the project design_1_wrapper_hw_platform_0.
18:45:54 INFO  : Connected to target on host '127.0.0.1' and port '3121'.
18:45:54 INFO  : Jtag cable 'Digilent JTAG-HS1 210512180081' is selected.
18:45:54 INFO  : 'jtag frequency' command is executed.
18:45:54 INFO  : Sourcing of 'D:/PM/VIBADO/project_1/project_1.sdk/design_1_wrapper_hw_platform_0/ps7_init.tcl' is done.
18:45:54 INFO  : Context for 'APU' is selected.
18:45:54 INFO  : System reset is completed.
18:45:57 INFO  : 'after 3000' command is executed.
18:45:58 INFO  : 'targets -set -filter {jtag_cable_name =~ "Digilent JTAG-HS1 210512180081" && level==0} -index 1' command is executed.
18:46:01 INFO  : FPGA configured successfully with bitstream "D:/PM/VIBADO/project_1/project_1.sdk/design_1_wrapper_hw_platform_0/design_1_wrapper.bit"
18:46:01 INFO  : Context for 'APU' is selected.
18:46:01 INFO  : Hardware design information is loaded from 'D:/PM/VIBADO/project_1/project_1.sdk/design_1_wrapper_hw_platform_0/system.hdf'.
18:46:01 INFO  : 'configparams force-mem-access 1' command is executed.
18:46:01 INFO  : Context for 'APU' is selected.
18:46:02 INFO  : 'ps7_init' command is executed.
18:46:02 INFO  : 'ps7_post_config' command is executed.
18:46:02 INFO  : Context for processor 'ps7_cortexa9_0' is selected.
18:46:02 INFO  : The application 'D:/PM/VIBADO/project_1/project_1.sdk/OS/Debug/OS.elf' is downloaded to processor 'ps7_cortexa9_0'.
18:46:02 INFO  : 'configparams force-mem-access 0' command is executed.
18:46:02 INFO  : ----------------XSDB Script----------------
connect -url tcp:127.0.0.1:3121
source D:/PM/VIBADO/project_1/project_1.sdk/design_1_wrapper_hw_platform_0/ps7_init.tcl
targets -set -nocase -filter {name =~"APU*" && jtag_cable_name =~ "Digilent JTAG-HS1 210512180081"} -index 0
rst -system
after 3000
targets -set -filter {jtag_cable_name =~ "Digilent JTAG-HS1 210512180081" && level==0} -index 1
fpga -file D:/PM/VIBADO/project_1/project_1.sdk/design_1_wrapper_hw_platform_0/design_1_wrapper.bit
targets -set -nocase -filter {name =~"APU*" && jtag_cable_name =~ "Digilent JTAG-HS1 210512180081"} -index 0
loadhw -hw D:/PM/VIBADO/project_1/project_1.sdk/design_1_wrapper_hw_platform_0/system.hdf -mem-ranges [list {0x40000000 0xbfffffff}]
configparams force-mem-access 1
targets -set -nocase -filter {name =~"APU*" && jtag_cable_name =~ "Digilent JTAG-HS1 210512180081"} -index 0
ps7_init
ps7_post_config
targets -set -nocase -filter {name =~ "ARM*#0" && jtag_cable_name =~ "Digilent JTAG-HS1 210512180081"} -index 0
dow D:/PM/VIBADO/project_1/project_1.sdk/OS/Debug/OS.elf
configparams force-mem-access 0
----------------End of Script----------------

18:46:02 INFO  : Memory regions updated for context APU
18:46:02 INFO  : Context for processor 'ps7_cortexa9_0' is selected.
18:46:02 INFO  : 'con' command is executed.
18:46:02 INFO  : ----------------XSDB Script (After Launch)----------------
targets -set -nocase -filter {name =~ "ARM*#0" && jtag_cable_name =~ "Digilent JTAG-HS1 210512180081"} -index 0
con
----------------End of Script----------------

18:46:02 INFO  : Launch script is exported to file 'D:\PM\VIBADO\project_1\project_1.sdk\.sdk\launch_scripts\xilinx_c-c++_application_(system_debugger)\system_debugger_using_debug_os.elf_on_local.tcl'
18:46:25 INFO  : Disconnected from the channel tcfchan#1.
00:59:25 INFO  : Registering command handlers for SDK TCF services
00:59:25 INFO  : Launching XSCT server: xsct.bat -interactive D:\PM\VIBADO\project_1\project_1.sdk\temp_xsdb_launch_script.tcl
00:59:27 INFO  : XSCT server has started successfully.
00:59:27 INFO  : Successfully done setting XSCT server connection channel  
00:59:27 INFO  : Successfully done setting SDK workspace  
00:59:27 INFO  : Processing command line option -hwspec D:/PM/VIBADO/project_1/project_1.sdk/design_1_wrapper.hdf.
00:59:27 INFO  : Checking for hwspec changes in the project design_1_wrapper_hw_platform_0.
14:16:33 INFO  : Registering command handlers for SDK TCF services
14:16:33 INFO  : Launching XSCT server: xsct.bat -interactive D:\PM\VIBADO\project_1\project_1.sdk\temp_xsdb_launch_script.tcl
14:16:35 INFO  : XSCT server has started successfully.
14:16:35 INFO  : Successfully done setting XSCT server connection channel  
14:16:35 INFO  : Successfully done setting SDK workspace  
14:16:35 INFO  : Processing command line option -hwspec D:/PM/VIBADO/project_1/project_1.sdk/design_1_wrapper.hdf.
14:16:35 INFO  : Checking for hwspec changes in the project design_1_wrapper_hw_platform_0.
14:16:37 INFO  : SDK has detected change in the last modified timestamps for source hardware specification file Source:1690092868890,  Project:1689953882544
14:16:37 INFO  : The hardware specification for project 'design_1_wrapper_hw_platform_0' is different from D:/PM/VIBADO/project_1/project_1.sdk/design_1_wrapper.hdf.
14:16:37 INFO  : Copied contents of D:/PM/VIBADO/project_1/project_1.sdk/design_1_wrapper.hdf into \design_1_wrapper_hw_platform_0\system.hdf.
14:16:50 INFO  : Synchronizing projects in the workspace with the hardware platform specification changes.
14:16:54 INFO  : 
14:16:56 INFO  : 
14:16:57 INFO  : Updating hardware inferred compiler options for BSFL.
14:16:58 INFO  : Updating hardware inferred compiler options for OS.
14:16:58 INFO  : Clearing existing target manager status.
14:16:58 INFO  : Workspace synchronized with the new hardware specification file. Cleaning dependent projects...
14:17:00 WARN  : Linker script will not be updated automatically. Users need to update it manually.
14:18:10 INFO  : Connected to target on host '127.0.0.1' and port '3121'.
14:18:11 INFO  : Jtag cable 'Digilent JTAG-HS1 210512180081' is selected.
14:18:11 INFO  : 'jtag frequency' command is executed.
14:18:11 INFO  : Sourcing of 'D:/PM/VIBADO/project_1/project_1.sdk/design_1_wrapper_hw_platform_0/ps7_init.tcl' is done.
14:18:11 INFO  : Context for 'APU' is selected.
14:18:11 INFO  : System reset is completed.
14:18:14 INFO  : 'after 3000' command is executed.
14:18:14 INFO  : 'targets -set -filter {jtag_cable_name =~ "Digilent JTAG-HS1 210512180081" && level==0} -index 1' command is executed.
14:18:17 ERROR : fpga configuration failed. DONE PIN is not HIGH
14:18:17 ERROR : Exception occured while running Program FPGA.
java.lang.RuntimeException: fpga configuration failed. DONE PIN is not HIGH
14:18:17 INFO  : ----------------XSDB Script----------------
connect -url tcp:127.0.0.1:3121
source D:/PM/VIBADO/project_1/project_1.sdk/design_1_wrapper_hw_platform_0/ps7_init.tcl
targets -set -nocase -filter {name =~"APU*" && jtag_cable_name =~ "Digilent JTAG-HS1 210512180081"} -index 0
rst -system
after 3000
----------------End of Script----------------

14:18:33 INFO  : Connected to target on host '127.0.0.1' and port '3121'.
14:18:33 INFO  : Jtag cable 'Digilent JTAG-HS1 210512180081' is selected.
14:18:33 INFO  : 'jtag frequency' command is executed.
14:18:33 INFO  : Sourcing of 'D:/PM/VIBADO/project_1/project_1.sdk/design_1_wrapper_hw_platform_0/ps7_init.tcl' is done.
14:18:33 INFO  : Context for 'APU' is selected.
14:18:33 INFO  : System reset is completed.
14:18:36 INFO  : 'after 3000' command is executed.
14:18:36 INFO  : 'targets -set -filter {jtag_cable_name =~ "Digilent JTAG-HS1 210512180081" && level==0} -index 1' command is executed.
14:18:39 ERROR : fpga configuration failed. DONE PIN is not HIGH
14:18:40 ERROR : Exception occured while running Program FPGA.
java.lang.RuntimeException: fpga configuration failed. DONE PIN is not HIGH
14:18:40 INFO  : ----------------XSDB Script----------------
connect -url tcp:127.0.0.1:3121
source D:/PM/VIBADO/project_1/project_1.sdk/design_1_wrapper_hw_platform_0/ps7_init.tcl
targets -set -nocase -filter {name =~"APU*" && jtag_cable_name =~ "Digilent JTAG-HS1 210512180081"} -index 0
rst -system
after 3000
----------------End of Script----------------

14:19:20 INFO  : Connected to target on host '127.0.0.1' and port '3121'.
14:19:21 INFO  : Jtag cable 'Digilent JTAG-HS1 210512180081' is selected.
14:19:21 INFO  : 'jtag frequency' command is executed.
14:19:21 INFO  : Sourcing of 'D:/PM/VIBADO/project_1/project_1.sdk/design_1_wrapper_hw_platform_0/ps7_init.tcl' is done.
14:19:21 INFO  : Context for 'APU' is selected.
14:19:21 INFO  : System reset is completed.
14:19:24 INFO  : 'after 3000' command is executed.
14:19:24 INFO  : 'targets -set -filter {jtag_cable_name =~ "Digilent JTAG-HS1 210512180081" && level==0} -index 1' command is executed.
14:19:27 ERROR : fpga configuration failed. DONE PIN is not HIGH
14:19:27 ERROR : Exception occured while running Program FPGA.
java.lang.RuntimeException: fpga configuration failed. DONE PIN is not HIGH
14:19:27 INFO  : ----------------XSDB Script----------------
connect -url tcp:127.0.0.1:3121
source D:/PM/VIBADO/project_1/project_1.sdk/design_1_wrapper_hw_platform_0/ps7_init.tcl
targets -set -nocase -filter {name =~"APU*" && jtag_cable_name =~ "Digilent JTAG-HS1 210512180081"} -index 0
rst -system
after 3000
----------------End of Script----------------

14:19:42 INFO  : Connected to target on host '127.0.0.1' and port '3121'.
14:19:42 INFO  : Jtag cable 'Digilent JTAG-HS1 210512180081' is selected.
14:19:42 INFO  : 'jtag frequency' command is executed.
14:19:42 INFO  : Sourcing of 'D:/PM/VIBADO/project_1/project_1.sdk/design_1_wrapper_hw_platform_0/ps7_init.tcl' is done.
14:19:42 INFO  : Context for 'APU' is selected.
14:19:42 INFO  : System reset is completed.
14:19:45 INFO  : 'after 3000' command is executed.
14:19:45 INFO  : 'targets -set -filter {jtag_cable_name =~ "Digilent JTAG-HS1 210512180081" && level==0} -index 1' command is executed.
14:19:49 ERROR : fpga configuration failed. DONE PIN is not HIGH
14:19:49 ERROR : Exception occured while running Program FPGA.
java.lang.RuntimeException: fpga configuration failed. DONE PIN is not HIGH
14:19:49 INFO  : ----------------XSDB Script----------------
connect -url tcp:127.0.0.1:3121
source D:/PM/VIBADO/project_1/project_1.sdk/design_1_wrapper_hw_platform_0/ps7_init.tcl
targets -set -nocase -filter {name =~"APU*" && jtag_cable_name =~ "Digilent JTAG-HS1 210512180081"} -index 0
rst -system
after 3000
----------------End of Script----------------

14:21:12 INFO  : Connected to target on host '127.0.0.1' and port '3121'.
14:21:13 INFO  : Jtag cable 'Digilent JTAG-HS1 210512180081' is selected.
14:21:13 INFO  : 'jtag frequency' command is executed.
14:21:13 INFO  : Sourcing of 'D:/PM/VIBADO/project_1/project_1.sdk/design_1_wrapper_hw_platform_0/ps7_init.tcl' is done.
14:21:13 INFO  : Context for 'APU' is selected.
14:21:13 INFO  : System reset is completed.
14:21:16 INFO  : 'after 3000' command is executed.
14:21:25 ERROR : Exception occured while running Program FPGA.
java.lang.RuntimeException: Could not find FPGA device on the board for connection 'Local'.


Troubleshooting hints:
1. Check whether board is connected to system properly.
1. In case of zynq board, check whether Digilent/Xilinx cable switch settings are correct.
1. If you are using Xilinx Platform Cable USB, ensure that status LED is green.
14:21:25 INFO  : ----------------XSDB Script----------------
connect -url tcp:127.0.0.1:3121
source D:/PM/VIBADO/project_1/project_1.sdk/design_1_wrapper_hw_platform_0/ps7_init.tcl
targets -set -nocase -filter {name =~"APU*" && jtag_cable_name =~ "Digilent JTAG-HS1 210512180081"} -index 0
rst -system
after 3000
----------------End of Script----------------

14:21:32 INFO  : Connected to target on host '127.0.0.1' and port '3121'.
14:21:32 INFO  : Jtag cable 'Digilent JTAG-HS1 210512180081' is selected.
14:21:32 INFO  : 'jtag frequency' command is executed.
14:21:32 INFO  : Sourcing of 'D:/PM/VIBADO/project_1/project_1.sdk/design_1_wrapper_hw_platform_0/ps7_init.tcl' is done.
14:21:32 INFO  : Context for 'APU' is selected.
14:21:33 INFO  : System reset is completed.
14:21:36 INFO  : 'after 3000' command is executed.
14:21:36 INFO  : 'targets -set -filter {jtag_cable_name =~ "Digilent JTAG-HS1 210512180081" && level==0} -index 1' command is executed.
14:21:39 ERROR : fpga configuration failed. DONE PIN is not HIGH
14:21:39 ERROR : Exception occured while running Program FPGA.
java.lang.RuntimeException: fpga configuration failed. DONE PIN is not HIGH
14:21:39 INFO  : ----------------XSDB Script----------------
connect -url tcp:127.0.0.1:3121
source D:/PM/VIBADO/project_1/project_1.sdk/design_1_wrapper_hw_platform_0/ps7_init.tcl
targets -set -nocase -filter {name =~"APU*" && jtag_cable_name =~ "Digilent JTAG-HS1 210512180081"} -index 0
rst -system
after 3000
----------------End of Script----------------

14:22:27 INFO  : 'targets -set -filter {jtag_cable_name =~ "Digilent JTAG-HS1 210512180081" && level==0} -index 1' command is executed.
14:22:27 INFO  : 'fpga -state' command is executed.
14:22:30 INFO  : Connected to target on host '127.0.0.1' and port '3121'.
14:22:30 INFO  : Jtag cable 'Digilent JTAG-HS1 210512180081' is selected.
14:22:30 INFO  : 'jtag frequency' command is executed.
14:22:30 INFO  : Sourcing of 'D:/PM/VIBADO/project_1/project_1.sdk/design_1_wrapper_hw_platform_0/ps7_init.tcl' is done.
14:22:30 INFO  : Context for 'APU' is selected.
14:22:30 INFO  : System reset is completed.
14:22:33 INFO  : 'after 3000' command is executed.
14:22:33 INFO  : Context for 'APU' is selected.
14:22:33 INFO  : Hardware design information is loaded from 'D:/PM/VIBADO/project_1/project_1.sdk/design_1_wrapper_hw_platform_0/system.hdf'.
14:22:33 INFO  : 'configparams force-mem-access 1' command is executed.
14:22:33 INFO  : Context for 'APU' is selected.
14:22:33 INFO  : 'ps7_init' command is executed.
14:22:33 INFO  : 'ps7_post_config' command is executed.
14:22:33 INFO  : Context for processor 'ps7_cortexa9_0' is selected.
14:22:33 INFO  : The application 'D:/PM/VIBADO/project_1/project_1.sdk/OS/Debug/OS.elf' is downloaded to processor 'ps7_cortexa9_0'.
14:22:33 INFO  : 'configparams force-mem-access 0' command is executed.
14:22:33 INFO  : ----------------XSDB Script----------------
connect -url tcp:127.0.0.1:3121
source D:/PM/VIBADO/project_1/project_1.sdk/design_1_wrapper_hw_platform_0/ps7_init.tcl
targets -set -nocase -filter {name =~"APU*" && jtag_cable_name =~ "Digilent JTAG-HS1 210512180081"} -index 0
rst -system
after 3000
targets -set -nocase -filter {name =~"APU*" && jtag_cable_name =~ "Digilent JTAG-HS1 210512180081"} -index 0
loadhw -hw D:/PM/VIBADO/project_1/project_1.sdk/design_1_wrapper_hw_platform_0/system.hdf -mem-ranges [list {0x40000000 0xbfffffff}]
configparams force-mem-access 1
targets -set -nocase -filter {name =~"APU*" && jtag_cable_name =~ "Digilent JTAG-HS1 210512180081"} -index 0
ps7_init
ps7_post_config
targets -set -nocase -filter {name =~ "ARM*#0" && jtag_cable_name =~ "Digilent JTAG-HS1 210512180081"} -index 0
dow D:/PM/VIBADO/project_1/project_1.sdk/OS/Debug/OS.elf
configparams force-mem-access 0
----------------End of Script----------------

14:22:34 INFO  : Memory regions updated for context APU
14:22:34 INFO  : Context for processor 'ps7_cortexa9_0' is selected.
14:22:34 INFO  : 'con' command is executed.
14:22:34 INFO  : ----------------XSDB Script (After Launch)----------------
targets -set -nocase -filter {name =~ "ARM*#0" && jtag_cable_name =~ "Digilent JTAG-HS1 210512180081"} -index 0
con
----------------End of Script----------------

14:22:34 INFO  : Launch script is exported to file 'D:\PM\VIBADO\project_1\project_1.sdk\.sdk\launch_scripts\xilinx_c-c++_application_(system_debugger)\system_debugger_using_debug_os.elf_on_local.tcl'
14:23:17 INFO  : Disconnected from the channel tcfchan#1.
14:23:18 INFO  : 'targets -set -filter {jtag_cable_name =~ "Digilent JTAG-HS1 210512180081" && level==0} -index 1' command is executed.
14:23:18 INFO  : 'fpga -state' command is executed.
14:23:19 INFO  : Connected to target on host '127.0.0.1' and port '3121'.
14:23:19 INFO  : Jtag cable 'Digilent JTAG-HS1 210512180081' is selected.
14:23:19 INFO  : 'jtag frequency' command is executed.
14:23:19 INFO  : Sourcing of 'D:/PM/VIBADO/project_1/project_1.sdk/design_1_wrapper_hw_platform_0/ps7_init.tcl' is done.
14:23:19 INFO  : Context for 'APU' is selected.
14:23:20 INFO  : System reset is completed.
14:23:23 INFO  : 'after 3000' command is executed.
14:23:23 INFO  : Context for 'APU' is selected.
14:23:23 INFO  : Hardware design information is loaded from 'D:/PM/VIBADO/project_1/project_1.sdk/design_1_wrapper_hw_platform_0/system.hdf'.
14:23:23 INFO  : 'configparams force-mem-access 1' command is executed.
14:23:23 INFO  : Context for 'APU' is selected.
14:23:23 INFO  : 'ps7_init' command is executed.
14:23:23 INFO  : 'ps7_post_config' command is executed.
14:23:24 INFO  : Context for processor 'ps7_cortexa9_0' is selected.
14:23:24 INFO  : The application 'D:/PM/VIBADO/project_1/project_1.sdk/OS/Debug/OS.elf' is downloaded to processor 'ps7_cortexa9_0'.
14:23:24 INFO  : 'configparams force-mem-access 0' command is executed.
14:23:24 INFO  : ----------------XSDB Script----------------
connect -url tcp:127.0.0.1:3121
source D:/PM/VIBADO/project_1/project_1.sdk/design_1_wrapper_hw_platform_0/ps7_init.tcl
targets -set -nocase -filter {name =~"APU*" && jtag_cable_name =~ "Digilent JTAG-HS1 210512180081"} -index 0
rst -system
after 3000
targets -set -nocase -filter {name =~"APU*" && jtag_cable_name =~ "Digilent JTAG-HS1 210512180081"} -index 0
loadhw -hw D:/PM/VIBADO/project_1/project_1.sdk/design_1_wrapper_hw_platform_0/system.hdf -mem-ranges [list {0x40000000 0xbfffffff}]
configparams force-mem-access 1
targets -set -nocase -filter {name =~"APU*" && jtag_cable_name =~ "Digilent JTAG-HS1 210512180081"} -index 0
ps7_init
ps7_post_config
targets -set -nocase -filter {name =~ "ARM*#0" && jtag_cable_name =~ "Digilent JTAG-HS1 210512180081"} -index 0
dow D:/PM/VIBADO/project_1/project_1.sdk/OS/Debug/OS.elf
configparams force-mem-access 0
----------------End of Script----------------

14:23:24 INFO  : Memory regions updated for context APU
14:23:24 INFO  : Context for processor 'ps7_cortexa9_0' is selected.
14:23:24 INFO  : 'con' command is executed.
14:23:24 INFO  : ----------------XSDB Script (After Launch)----------------
targets -set -nocase -filter {name =~ "ARM*#0" && jtag_cable_name =~ "Digilent JTAG-HS1 210512180081"} -index 0
con
----------------End of Script----------------

14:23:24 INFO  : Launch script is exported to file 'D:\PM\VIBADO\project_1\project_1.sdk\.sdk\launch_scripts\xilinx_c-c++_application_(system_debugger)\system_debugger_using_debug_os.elf_on_local.tcl'
14:31:30 INFO  : Disconnected from the channel tcfchan#2.
14:31:50 INFO  : Registering command handlers for SDK TCF services
14:31:51 INFO  : Launching XSCT server: xsct.bat -interactive D:\PM\VIBADO\project_1\project_1.sdk\temp_xsdb_launch_script.tcl
14:31:53 INFO  : XSCT server has started successfully.
14:31:53 INFO  : Successfully done setting XSCT server connection channel  
14:31:53 INFO  : Successfully done setting SDK workspace  
14:31:53 INFO  : Processing command line option -hwspec D:/PM/VIBADO/project_1/project_1.sdk/design_1_wrapper.hdf.
14:31:53 INFO  : Checking for hwspec changes in the project design_1_wrapper_hw_platform_0.
14:31:55 INFO  : SDK has detected change in the last modified timestamps for source hardware specification file Source:1690093870312,  Project:1690092868890
14:31:55 INFO  : The hardware specification for project 'design_1_wrapper_hw_platform_0' is different from D:/PM/VIBADO/project_1/project_1.sdk/design_1_wrapper.hdf.
14:31:55 INFO  : Copied contents of D:/PM/VIBADO/project_1/project_1.sdk/design_1_wrapper.hdf into \design_1_wrapper_hw_platform_0\system.hdf.
14:31:59 INFO  : Synchronizing projects in the workspace with the hardware platform specification changes.
14:32:01 INFO  : 
14:32:03 INFO  : 
14:32:04 INFO  : Updating hardware inferred compiler options for BSFL.
14:32:05 INFO  : Updating hardware inferred compiler options for OS.
14:32:05 INFO  : Clearing existing target manager status.
14:32:05 INFO  : Workspace synchronized with the new hardware specification file. Cleaning dependent projects...
14:32:07 WARN  : Linker script will not be updated automatically. Users need to update it manually.
16:26:50 INFO  : Registering command handlers for SDK TCF services
16:26:50 INFO  : Launching XSCT server: xsct.bat -interactive D:\PM\VIBADO\project_1\project_1.sdk\temp_xsdb_launch_script.tcl
16:26:52 INFO  : XSCT server has started successfully.
16:26:52 INFO  : Successfully done setting XSCT server connection channel  
16:26:52 INFO  : Successfully done setting SDK workspace  
16:26:52 INFO  : Processing command line option -hwspec D:/PM/VIBADO/project_1/project_1.sdk/design_1_wrapper.hdf.
16:26:52 INFO  : Checking for hwspec changes in the project design_1_wrapper_hw_platform_0.
16:26:54 INFO  : SDK has detected change in the last modified timestamps for source hardware specification file Source:1690100776359,  Project:1690093870312
16:26:54 INFO  : The hardware specification for project 'design_1_wrapper_hw_platform_0' is different from D:/PM/VIBADO/project_1/project_1.sdk/design_1_wrapper.hdf.
16:26:55 INFO  : Copied contents of D:/PM/VIBADO/project_1/project_1.sdk/design_1_wrapper.hdf into \design_1_wrapper_hw_platform_0\system.hdf.
16:27:00 INFO  : Synchronizing projects in the workspace with the hardware platform specification changes.
16:27:16 INFO  : 
16:27:18 INFO  : 
16:27:20 INFO  : Updating hardware inferred compiler options for BSFL.
16:27:20 INFO  : Updating hardware inferred compiler options for OS.
16:27:20 INFO  : Clearing existing target manager status.
16:27:20 INFO  : Workspace synchronized with the new hardware specification file. Cleaning dependent projects...
16:27:23 WARN  : Linker script will not be updated automatically. Users need to update it manually.
16:29:47 INFO  : 'targets -set -filter {jtag_cable_name =~ "Digilent JTAG-HS1 210512180081" && level==0} -index 1' command is executed.
16:29:47 INFO  : 'fpga -state' command is executed.
16:29:48 INFO  : Connected to target on host '127.0.0.1' and port '3121'.
16:29:48 INFO  : Jtag cable 'Digilent JTAG-HS1 210512180081' is selected.
16:29:48 INFO  : 'jtag frequency' command is executed.
16:29:48 INFO  : Sourcing of 'D:/PM/VIBADO/project_1/project_1.sdk/design_1_wrapper_hw_platform_0/ps7_init.tcl' is done.
16:29:48 INFO  : Context for 'APU' is selected.
16:29:49 INFO  : System reset is completed.
16:29:52 INFO  : 'after 3000' command is executed.
16:29:52 INFO  : Context for 'APU' is selected.
16:29:52 INFO  : Hardware design information is loaded from 'D:/PM/VIBADO/project_1/project_1.sdk/design_1_wrapper_hw_platform_0/system.hdf'.
16:29:52 INFO  : 'configparams force-mem-access 1' command is executed.
16:29:52 INFO  : Context for 'APU' is selected.
16:29:52 INFO  : 'ps7_init' command is executed.
16:29:52 INFO  : 'ps7_post_config' command is executed.
16:29:52 INFO  : Context for processor 'ps7_cortexa9_0' is selected.
16:29:52 INFO  : The application 'D:/PM/VIBADO/project_1/project_1.sdk/OS/Debug/OS.elf' is downloaded to processor 'ps7_cortexa9_0'.
16:29:52 INFO  : 'configparams force-mem-access 0' command is executed.
16:29:52 INFO  : ----------------XSDB Script----------------
connect -url tcp:127.0.0.1:3121
source D:/PM/VIBADO/project_1/project_1.sdk/design_1_wrapper_hw_platform_0/ps7_init.tcl
targets -set -nocase -filter {name =~"APU*" && jtag_cable_name =~ "Digilent JTAG-HS1 210512180081"} -index 0
rst -system
after 3000
targets -set -nocase -filter {name =~"APU*" && jtag_cable_name =~ "Digilent JTAG-HS1 210512180081"} -index 0
loadhw -hw D:/PM/VIBADO/project_1/project_1.sdk/design_1_wrapper_hw_platform_0/system.hdf -mem-ranges [list {0x40000000 0xbfffffff}]
configparams force-mem-access 1
targets -set -nocase -filter {name =~"APU*" && jtag_cable_name =~ "Digilent JTAG-HS1 210512180081"} -index 0
ps7_init
ps7_post_config
targets -set -nocase -filter {name =~ "ARM*#0" && jtag_cable_name =~ "Digilent JTAG-HS1 210512180081"} -index 0
dow D:/PM/VIBADO/project_1/project_1.sdk/OS/Debug/OS.elf
configparams force-mem-access 0
----------------End of Script----------------

16:29:52 INFO  : Memory regions updated for context APU
16:29:52 INFO  : Context for processor 'ps7_cortexa9_0' is selected.
16:29:52 INFO  : 'con' command is executed.
16:29:52 INFO  : ----------------XSDB Script (After Launch)----------------
targets -set -nocase -filter {name =~ "ARM*#0" && jtag_cable_name =~ "Digilent JTAG-HS1 210512180081"} -index 0
con
----------------End of Script----------------

16:29:52 INFO  : Launch script is exported to file 'D:\PM\VIBADO\project_1\project_1.sdk\.sdk\launch_scripts\xilinx_c-c++_application_(system_debugger)\system_debugger_using_debug_os.elf_on_local.tcl'
16:30:08 INFO  : Disconnected from the channel tcfchan#1.
16:30:09 INFO  : 'targets -set -filter {jtag_cable_name =~ "Digilent JTAG-HS1 210512180081" && level==0} -index 1' command is executed.
16:30:09 INFO  : 'fpga -state' command is executed.
16:30:11 INFO  : Connected to target on host '127.0.0.1' and port '3121'.
16:30:11 INFO  : Jtag cable 'Digilent JTAG-HS1 210512180081' is selected.
16:30:11 INFO  : 'jtag frequency' command is executed.
16:30:11 INFO  : Sourcing of 'D:/PM/VIBADO/project_1/project_1.sdk/design_1_wrapper_hw_platform_0/ps7_init.tcl' is done.
16:30:11 INFO  : Context for 'APU' is selected.
16:30:11 INFO  : System reset is completed.
16:30:14 INFO  : 'after 3000' command is executed.
16:30:14 INFO  : Context for 'APU' is selected.
16:30:15 INFO  : Hardware design information is loaded from 'D:/PM/VIBADO/project_1/project_1.sdk/design_1_wrapper_hw_platform_0/system.hdf'.
16:30:15 INFO  : 'configparams force-mem-access 1' command is executed.
16:30:15 INFO  : Context for 'APU' is selected.
16:30:15 INFO  : 'ps7_init' command is executed.
16:30:15 INFO  : 'ps7_post_config' command is executed.
16:30:15 INFO  : Context for processor 'ps7_cortexa9_0' is selected.
16:30:15 INFO  : The application 'D:/PM/VIBADO/project_1/project_1.sdk/OS/Debug/OS.elf' is downloaded to processor 'ps7_cortexa9_0'.
16:30:15 INFO  : 'configparams force-mem-access 0' command is executed.
16:30:15 INFO  : ----------------XSDB Script----------------
connect -url tcp:127.0.0.1:3121
source D:/PM/VIBADO/project_1/project_1.sdk/design_1_wrapper_hw_platform_0/ps7_init.tcl
targets -set -nocase -filter {name =~"APU*" && jtag_cable_name =~ "Digilent JTAG-HS1 210512180081"} -index 0
rst -system
after 3000
targets -set -nocase -filter {name =~"APU*" && jtag_cable_name =~ "Digilent JTAG-HS1 210512180081"} -index 0
loadhw -hw D:/PM/VIBADO/project_1/project_1.sdk/design_1_wrapper_hw_platform_0/system.hdf -mem-ranges [list {0x40000000 0xbfffffff}]
configparams force-mem-access 1
targets -set -nocase -filter {name =~"APU*" && jtag_cable_name =~ "Digilent JTAG-HS1 210512180081"} -index 0
ps7_init
ps7_post_config
targets -set -nocase -filter {name =~ "ARM*#0" && jtag_cable_name =~ "Digilent JTAG-HS1 210512180081"} -index 0
dow D:/PM/VIBADO/project_1/project_1.sdk/OS/Debug/OS.elf
configparams force-mem-access 0
----------------End of Script----------------

16:30:15 INFO  : Memory regions updated for context APU
16:30:15 INFO  : Context for processor 'ps7_cortexa9_0' is selected.
16:30:15 INFO  : 'con' command is executed.
16:30:15 INFO  : ----------------XSDB Script (After Launch)----------------
targets -set -nocase -filter {name =~ "ARM*#0" && jtag_cable_name =~ "Digilent JTAG-HS1 210512180081"} -index 0
con
----------------End of Script----------------

16:30:15 INFO  : Launch script is exported to file 'D:\PM\VIBADO\project_1\project_1.sdk\.sdk\launch_scripts\xilinx_c-c++_application_(system_debugger)\system_debugger_using_debug_os.elf_on_local.tcl'
16:31:02 INFO  : Disconnected from the channel tcfchan#2.
16:31:03 INFO  : 'targets -set -filter {jtag_cable_name =~ "Digilent JTAG-HS1 210512180081" && level==0} -index 1' command is executed.
16:31:03 INFO  : 'fpga -state' command is executed.
16:31:05 INFO  : Connected to target on host '127.0.0.1' and port '3121'.
16:31:06 INFO  : Jtag cable 'Digilent JTAG-HS1 210512180081' is selected.
16:31:06 INFO  : 'jtag frequency' command is executed.
16:31:06 INFO  : Sourcing of 'D:/PM/VIBADO/project_1/project_1.sdk/design_1_wrapper_hw_platform_0/ps7_init.tcl' is done.
16:31:06 INFO  : Context for 'APU' is selected.
16:31:06 INFO  : System reset is completed.
16:31:09 INFO  : 'after 3000' command is executed.
16:31:09 INFO  : Context for 'APU' is selected.
16:31:09 INFO  : Hardware design information is loaded from 'D:/PM/VIBADO/project_1/project_1.sdk/design_1_wrapper_hw_platform_0/system.hdf'.
16:31:09 INFO  : 'configparams force-mem-access 1' command is executed.
16:31:09 INFO  : Context for 'APU' is selected.
16:31:09 INFO  : 'ps7_init' command is executed.
16:31:09 INFO  : 'ps7_post_config' command is executed.
16:31:09 INFO  : Context for processor 'ps7_cortexa9_0' is selected.
16:31:09 INFO  : The application 'D:/PM/VIBADO/project_1/project_1.sdk/OS/Debug/OS.elf' is downloaded to processor 'ps7_cortexa9_0'.
16:31:09 INFO  : 'configparams force-mem-access 0' command is executed.
16:31:09 INFO  : ----------------XSDB Script----------------
connect -url tcp:127.0.0.1:3121
source D:/PM/VIBADO/project_1/project_1.sdk/design_1_wrapper_hw_platform_0/ps7_init.tcl
targets -set -nocase -filter {name =~"APU*" && jtag_cable_name =~ "Digilent JTAG-HS1 210512180081"} -index 0
rst -system
after 3000
targets -set -nocase -filter {name =~"APU*" && jtag_cable_name =~ "Digilent JTAG-HS1 210512180081"} -index 0
loadhw -hw D:/PM/VIBADO/project_1/project_1.sdk/design_1_wrapper_hw_platform_0/system.hdf -mem-ranges [list {0x40000000 0xbfffffff}]
configparams force-mem-access 1
targets -set -nocase -filter {name =~"APU*" && jtag_cable_name =~ "Digilent JTAG-HS1 210512180081"} -index 0
ps7_init
ps7_post_config
targets -set -nocase -filter {name =~ "ARM*#0" && jtag_cable_name =~ "Digilent JTAG-HS1 210512180081"} -index 0
dow D:/PM/VIBADO/project_1/project_1.sdk/OS/Debug/OS.elf
configparams force-mem-access 0
----------------End of Script----------------

16:31:09 INFO  : Memory regions updated for context APU
16:31:09 INFO  : Context for processor 'ps7_cortexa9_0' is selected.
16:31:09 INFO  : 'con' command is executed.
16:31:09 INFO  : ----------------XSDB Script (After Launch)----------------
targets -set -nocase -filter {name =~ "ARM*#0" && jtag_cable_name =~ "Digilent JTAG-HS1 210512180081"} -index 0
con
----------------End of Script----------------

16:31:09 INFO  : Launch script is exported to file 'D:\PM\VIBADO\project_1\project_1.sdk\.sdk\launch_scripts\xilinx_c-c++_application_(system_debugger)\system_debugger_using_debug_os.elf_on_local.tcl'
16:31:36 INFO  : Disconnected from the channel tcfchan#3.
16:31:37 INFO  : Connected to target on host '127.0.0.1' and port '3121'.
16:31:37 INFO  : Jtag cable 'Digilent JTAG-HS1 210512180081' is selected.
16:31:37 INFO  : 'jtag frequency' command is executed.
16:31:37 INFO  : Sourcing of 'D:/PM/VIBADO/project_1/project_1.sdk/design_1_wrapper_hw_platform_0/ps7_init.tcl' is done.
16:31:37 INFO  : Context for 'APU' is selected.
16:31:37 INFO  : System reset is completed.
16:31:40 INFO  : 'after 3000' command is executed.
16:31:40 INFO  : 'targets -set -filter {jtag_cable_name =~ "Digilent JTAG-HS1 210512180081" && level==0} -index 1' command is executed.
16:31:44 ERROR : fpga configuration failed. DONE PIN is not HIGH
16:31:44 ERROR : Exception occured while running Program FPGA.
java.lang.RuntimeException: fpga configuration failed. DONE PIN is not HIGH
16:31:44 INFO  : ----------------XSDB Script----------------
connect -url tcp:127.0.0.1:3121
source D:/PM/VIBADO/project_1/project_1.sdk/design_1_wrapper_hw_platform_0/ps7_init.tcl
targets -set -nocase -filter {name =~"APU*" && jtag_cable_name =~ "Digilent JTAG-HS1 210512180081"} -index 0
rst -system
after 3000
----------------End of Script----------------

16:34:16 INFO  : 'targets -set -filter {jtag_cable_name =~ "Digilent JTAG-HS1 210512180081" && level==0} -index 1' command is executed.
16:34:16 INFO  : 'fpga -state' command is executed.
16:34:17 INFO  : Connected to target on host '127.0.0.1' and port '3121'.
16:34:17 INFO  : Jtag cable 'Digilent JTAG-HS1 210512180081' is selected.
16:34:17 INFO  : 'jtag frequency' command is executed.
16:34:17 INFO  : Sourcing of 'D:/PM/VIBADO/project_1/project_1.sdk/design_1_wrapper_hw_platform_0/ps7_init.tcl' is done.
16:34:17 INFO  : Context for 'APU' is selected.
16:34:17 INFO  : Hardware design information is loaded from 'D:/PM/VIBADO/project_1/project_1.sdk/design_1_wrapper_hw_platform_0/system.hdf'.
16:34:17 INFO  : 'configparams force-mem-access 1' command is executed.
16:34:17 INFO  : Context for 'APU' is selected.
16:34:17 INFO  : 'stop' command is executed.
16:34:18 INFO  : 'ps7_init' command is executed.
16:34:18 INFO  : 'ps7_post_config' command is executed.
16:34:18 INFO  : Context for processor 'ps7_cortexa9_0' is selected.
16:34:18 INFO  : Processor reset is completed for 'ps7_cortexa9_0'.
16:34:18 INFO  : Context for processor 'ps7_cortexa9_0' is selected.
16:34:18 INFO  : The application 'D:/PM/VIBADO/project_1/project_1.sdk/STD/Debug/STD.elf' is downloaded to processor 'ps7_cortexa9_0'.
16:34:18 INFO  : 'configparams force-mem-access 0' command is executed.
16:34:18 INFO  : ----------------XSDB Script----------------
connect -url tcp:127.0.0.1:3121
source D:/PM/VIBADO/project_1/project_1.sdk/design_1_wrapper_hw_platform_0/ps7_init.tcl
targets -set -nocase -filter {name =~"APU*" && jtag_cable_name =~ "Digilent JTAG-HS1 210512180081"} -index 0
loadhw -hw D:/PM/VIBADO/project_1/project_1.sdk/design_1_wrapper_hw_platform_0/system.hdf -mem-ranges [list {0x40000000 0xbfffffff}]
configparams force-mem-access 1
targets -set -nocase -filter {name =~"APU*" && jtag_cable_name =~ "Digilent JTAG-HS1 210512180081"} -index 0
stop
ps7_init
ps7_post_config
targets -set -nocase -filter {name =~ "ARM*#0" && jtag_cable_name =~ "Digilent JTAG-HS1 210512180081"} -index 0
rst -processor
targets -set -nocase -filter {name =~ "ARM*#0" && jtag_cable_name =~ "Digilent JTAG-HS1 210512180081"} -index 0
dow D:/PM/VIBADO/project_1/project_1.sdk/STD/Debug/STD.elf
configparams force-mem-access 0
----------------End of Script----------------

16:34:18 INFO  : Memory regions updated for context APU
16:34:18 INFO  : Context for processor 'ps7_cortexa9_0' is selected.
16:34:18 INFO  : 'con' command is executed.
16:34:18 INFO  : ----------------XSDB Script (After Launch)----------------
targets -set -nocase -filter {name =~ "ARM*#0" && jtag_cable_name =~ "Digilent JTAG-HS1 210512180081"} -index 0
con
----------------End of Script----------------

16:34:18 INFO  : Launch script is exported to file 'D:\PM\VIBADO\project_1\project_1.sdk\.sdk\launch_scripts\xilinx_c-c++_application_(system_debugger)\system_debugger_using_debug_std.elf_on_local.tcl'
16:35:23 INFO  : Disconnected from the channel tcfchan#4.
16:35:24 INFO  : 'targets -set -filter {jtag_cable_name =~ "Digilent JTAG-HS1 210512180081" && level==0} -index 1' command is executed.
16:35:24 INFO  : 'fpga -state' command is executed.
16:35:25 INFO  : Connected to target on host '127.0.0.1' and port '3121'.
16:35:25 INFO  : Jtag cable 'Digilent JTAG-HS1 210512180081' is selected.
16:35:25 INFO  : 'jtag frequency' command is executed.
16:35:26 INFO  : Sourcing of 'D:/PM/VIBADO/project_1/project_1.sdk/design_1_wrapper_hw_platform_0/ps7_init.tcl' is done.
16:35:26 INFO  : Context for 'APU' is selected.
16:35:26 INFO  : Hardware design information is loaded from 'D:/PM/VIBADO/project_1/project_1.sdk/design_1_wrapper_hw_platform_0/system.hdf'.
16:35:26 INFO  : 'configparams force-mem-access 1' command is executed.
16:35:26 INFO  : Context for 'APU' is selected.
16:35:26 INFO  : 'stop' command is executed.
16:35:26 INFO  : 'ps7_init' command is executed.
16:35:26 INFO  : 'ps7_post_config' command is executed.
16:35:26 INFO  : Context for processor 'ps7_cortexa9_0' is selected.
16:35:26 INFO  : Processor reset is completed for 'ps7_cortexa9_0'.
16:35:26 INFO  : Context for processor 'ps7_cortexa9_0' is selected.
16:35:27 INFO  : The application 'D:/PM/VIBADO/project_1/project_1.sdk/OS/Debug/OS.elf' is downloaded to processor 'ps7_cortexa9_0'.
16:35:27 INFO  : 'configparams force-mem-access 0' command is executed.
16:35:27 INFO  : ----------------XSDB Script----------------
connect -url tcp:127.0.0.1:3121
source D:/PM/VIBADO/project_1/project_1.sdk/design_1_wrapper_hw_platform_0/ps7_init.tcl
targets -set -nocase -filter {name =~"APU*" && jtag_cable_name =~ "Digilent JTAG-HS1 210512180081"} -index 0
loadhw -hw D:/PM/VIBADO/project_1/project_1.sdk/design_1_wrapper_hw_platform_0/system.hdf -mem-ranges [list {0x40000000 0xbfffffff}]
configparams force-mem-access 1
targets -set -nocase -filter {name =~"APU*" && jtag_cable_name =~ "Digilent JTAG-HS1 210512180081"} -index 0
stop
ps7_init
ps7_post_config
targets -set -nocase -filter {name =~ "ARM*#0" && jtag_cable_name =~ "Digilent JTAG-HS1 210512180081"} -index 0
rst -processor
targets -set -nocase -filter {name =~ "ARM*#0" && jtag_cable_name =~ "Digilent JTAG-HS1 210512180081"} -index 0
dow D:/PM/VIBADO/project_1/project_1.sdk/OS/Debug/OS.elf
configparams force-mem-access 0
----------------End of Script----------------

16:35:27 INFO  : Memory regions updated for context APU
16:35:27 INFO  : Context for processor 'ps7_cortexa9_0' is selected.
16:35:27 INFO  : 'con' command is executed.
16:35:27 INFO  : ----------------XSDB Script (After Launch)----------------
targets -set -nocase -filter {name =~ "ARM*#0" && jtag_cable_name =~ "Digilent JTAG-HS1 210512180081"} -index 0
con
----------------End of Script----------------

16:35:27 INFO  : Launch script is exported to file 'D:\PM\VIBADO\project_1\project_1.sdk\.sdk\launch_scripts\xilinx_c-c++_application_(system_debugger)\system_debugger_using_debug_os.elf_on_local.tcl'
04:21:51 INFO  : Disconnected from the channel tcfchan#5.
22:27:09 INFO  : Registering command handlers for SDK TCF services
22:27:09 INFO  : Launching XSCT server: xsct.bat -interactive D:\PM\VIBADO\project_1\project_1.sdk\temp_xsdb_launch_script.tcl
22:27:12 INFO  : XSCT server has started successfully.
22:27:13 INFO  : Successfully done setting XSCT server connection channel  
22:27:13 INFO  : Successfully done setting SDK workspace  
22:27:13 INFO  : Processing command line option -hwspec D:/PM/VIBADO/project_1/project_1.sdk/design_1_wrapper.hdf.
22:27:13 INFO  : Checking for hwspec changes in the project design_1_wrapper_hw_platform_0.
22:40:10 INFO  : 'targets -set -filter {jtag_cable_name =~ "Digilent JTAG-HS1 210512180081" && level==0} -index 1' command is executed.
22:40:10 INFO  : 'fpga -state' command is executed.
22:40:12 INFO  : Connected to target on host '127.0.0.1' and port '3121'.
22:40:12 INFO  : Jtag cable 'Digilent JTAG-HS1 210512180081' is selected.
22:40:12 INFO  : 'jtag frequency' command is executed.
22:40:12 INFO  : Sourcing of 'D:/PM/VIBADO/project_1/project_1.sdk/design_1_wrapper_hw_platform_0/ps7_init.tcl' is done.
22:40:12 INFO  : Context for 'APU' is selected.
22:40:12 INFO  : Hardware design information is loaded from 'D:/PM/VIBADO/project_1/project_1.sdk/design_1_wrapper_hw_platform_0/system.hdf'.
22:40:12 INFO  : 'configparams force-mem-access 1' command is executed.
22:40:12 INFO  : Context for 'APU' is selected.
22:40:12 INFO  : 'stop' command is executed.
22:40:12 INFO  : 'ps7_init' command is executed.
22:40:12 INFO  : 'ps7_post_config' command is executed.
22:40:12 INFO  : Context for processor 'ps7_cortexa9_0' is selected.
22:40:12 INFO  : Processor reset is completed for 'ps7_cortexa9_0'.
22:40:12 INFO  : Context for processor 'ps7_cortexa9_0' is selected.
22:40:13 INFO  : The application 'D:/PM/VIBADO/project_1/project_1.sdk/OS/Debug/OS.elf' is downloaded to processor 'ps7_cortexa9_0'.
22:40:13 INFO  : 'configparams force-mem-access 0' command is executed.
22:40:13 INFO  : ----------------XSDB Script----------------
connect -url tcp:127.0.0.1:3121
source D:/PM/VIBADO/project_1/project_1.sdk/design_1_wrapper_hw_platform_0/ps7_init.tcl
targets -set -nocase -filter {name =~"APU*" && jtag_cable_name =~ "Digilent JTAG-HS1 210512180081"} -index 0
loadhw -hw D:/PM/VIBADO/project_1/project_1.sdk/design_1_wrapper_hw_platform_0/system.hdf -mem-ranges [list {0x40000000 0xbfffffff}]
configparams force-mem-access 1
targets -set -nocase -filter {name =~"APU*" && jtag_cable_name =~ "Digilent JTAG-HS1 210512180081"} -index 0
stop
ps7_init
ps7_post_config
targets -set -nocase -filter {name =~ "ARM*#0" && jtag_cable_name =~ "Digilent JTAG-HS1 210512180081"} -index 0
rst -processor
targets -set -nocase -filter {name =~ "ARM*#0" && jtag_cable_name =~ "Digilent JTAG-HS1 210512180081"} -index 0
dow D:/PM/VIBADO/project_1/project_1.sdk/OS/Debug/OS.elf
configparams force-mem-access 0
----------------End of Script----------------

22:40:13 INFO  : Memory regions updated for context APU
22:40:13 INFO  : Context for processor 'ps7_cortexa9_0' is selected.
22:40:13 INFO  : 'con' command is executed.
22:40:13 INFO  : ----------------XSDB Script (After Launch)----------------
targets -set -nocase -filter {name =~ "ARM*#0" && jtag_cable_name =~ "Digilent JTAG-HS1 210512180081"} -index 0
con
----------------End of Script----------------

22:40:13 INFO  : Launch script is exported to file 'D:\PM\VIBADO\project_1\project_1.sdk\.sdk\launch_scripts\xilinx_c-c++_application_(system_debugger)\system_debugger_using_debug_os.elf_on_local.tcl'
22:43:54 INFO  : Disconnected from the channel tcfchan#1.
22:43:57 INFO  : 'targets -set -filter {jtag_cable_name =~ "Digilent JTAG-HS1 210512180081" && level==0} -index 1' command is executed.
22:43:57 INFO  : 'fpga -state' command is executed.
22:43:58 INFO  : Connected to target on host '127.0.0.1' and port '3121'.
22:43:58 INFO  : Jtag cable 'Digilent JTAG-HS1 210512180081' is selected.
22:43:58 INFO  : 'jtag frequency' command is executed.
22:43:58 INFO  : Sourcing of 'D:/PM/VIBADO/project_1/project_1.sdk/design_1_wrapper_hw_platform_0/ps7_init.tcl' is done.
22:43:58 INFO  : Context for 'APU' is selected.
22:43:59 INFO  : Hardware design information is loaded from 'D:/PM/VIBADO/project_1/project_1.sdk/design_1_wrapper_hw_platform_0/system.hdf'.
22:43:59 INFO  : 'configparams force-mem-access 1' command is executed.
22:43:59 INFO  : Context for 'APU' is selected.
22:43:59 INFO  : 'stop' command is executed.
22:43:59 INFO  : 'ps7_init' command is executed.
22:44:00 INFO  : 'ps7_post_config' command is executed.
22:44:00 INFO  : 'configparams force-mem-access 0' command is executed.
22:44:00 INFO  : ----------------XSDB Script----------------
connect -url tcp:127.0.0.1:3121
source D:/PM/VIBADO/project_1/project_1.sdk/design_1_wrapper_hw_platform_0/ps7_init.tcl
targets -set -nocase -filter {name =~"APU*" && jtag_cable_name =~ "Digilent JTAG-HS1 210512180081"} -index 0
loadhw -hw D:/PM/VIBADO/project_1/project_1.sdk/design_1_wrapper_hw_platform_0/system.hdf -mem-ranges [list {0x40000000 0xbfffffff}]
configparams force-mem-access 1
targets -set -nocase -filter {name =~"APU*" && jtag_cable_name =~ "Digilent JTAG-HS1 210512180081"} -index 0
stop
ps7_init
ps7_post_config
configparams force-mem-access 0
----------------End of Script----------------

22:44:00 INFO  : Memory regions updated for context APU
22:44:00 INFO  : Launch script is exported to file 'D:\PM\VIBADO\project_1\project_1.sdk\.sdk\launch_scripts\xilinx_c-c++_application_(system_debugger)\system_debugger_using_debug_os.elf_on_local.tcl'
22:44:22 INFO  : Disconnected from the channel tcfchan#2.
22:44:23 INFO  : 'targets -set -filter {jtag_cable_name =~ "Digilent JTAG-HS1 210512180081" && level==0} -index 1' command is executed.
22:44:23 INFO  : 'fpga -state' command is executed.
22:44:24 INFO  : Connected to target on host '127.0.0.1' and port '3121'.
22:44:24 INFO  : Jtag cable 'Digilent JTAG-HS1 210512180081' is selected.
22:44:24 INFO  : 'jtag frequency' command is executed.
22:44:24 INFO  : Sourcing of 'D:/PM/VIBADO/project_1/project_1.sdk/design_1_wrapper_hw_platform_0/ps7_init.tcl' is done.
22:44:25 INFO  : Context for 'APU' is selected.
22:44:26 INFO  : Hardware design information is loaded from 'D:/PM/VIBADO/project_1/project_1.sdk/design_1_wrapper_hw_platform_0/system.hdf'.
22:44:26 INFO  : 'configparams force-mem-access 1' command is executed.
22:44:26 INFO  : Context for 'APU' is selected.
22:44:26 INFO  : 'stop' command is executed.
22:44:26 INFO  : 'ps7_init' command is executed.
22:44:26 INFO  : 'ps7_post_config' command is executed.
22:44:26 INFO  : Context for processor 'ps7_cortexa9_0' is selected.
22:44:26 INFO  : Processor reset is completed for 'ps7_cortexa9_0'.
22:44:26 INFO  : Context for processor 'ps7_cortexa9_0' is selected.
22:44:26 INFO  : The application 'D:/PM/VIBADO/project_1/project_1.sdk/uart_ini/Debug/uart_ini.elf' is downloaded to processor 'ps7_cortexa9_0'.
22:44:26 INFO  : 'configparams force-mem-access 0' command is executed.
22:44:26 INFO  : ----------------XSDB Script----------------
connect -url tcp:127.0.0.1:3121
source D:/PM/VIBADO/project_1/project_1.sdk/design_1_wrapper_hw_platform_0/ps7_init.tcl
targets -set -nocase -filter {name =~"APU*" && jtag_cable_name =~ "Digilent JTAG-HS1 210512180081"} -index 0
loadhw -hw D:/PM/VIBADO/project_1/project_1.sdk/design_1_wrapper_hw_platform_0/system.hdf -mem-ranges [list {0x40000000 0xbfffffff}]
configparams force-mem-access 1
targets -set -nocase -filter {name =~"APU*" && jtag_cable_name =~ "Digilent JTAG-HS1 210512180081"} -index 0
stop
ps7_init
ps7_post_config
targets -set -nocase -filter {name =~ "ARM*#0" && jtag_cable_name =~ "Digilent JTAG-HS1 210512180081"} -index 0
rst -processor
targets -set -nocase -filter {name =~ "ARM*#0" && jtag_cable_name =~ "Digilent JTAG-HS1 210512180081"} -index 0
dow D:/PM/VIBADO/project_1/project_1.sdk/uart_ini/Debug/uart_ini.elf
configparams force-mem-access 0
----------------End of Script----------------

22:44:26 INFO  : Memory regions updated for context APU
22:44:26 INFO  : Context for processor 'ps7_cortexa9_0' is selected.
22:44:26 INFO  : 'con' command is executed.
22:44:26 INFO  : ----------------XSDB Script (After Launch)----------------
targets -set -nocase -filter {name =~ "ARM*#0" && jtag_cable_name =~ "Digilent JTAG-HS1 210512180081"} -index 0
con
----------------End of Script----------------

22:44:26 INFO  : Launch script is exported to file 'D:\PM\VIBADO\project_1\project_1.sdk\.sdk\launch_scripts\xilinx_c-c++_application_(system_debugger)\system_debugger_using_debug_uart_ini.elf_on_local.tcl'
